<?xml version="1.0" encoding="UTF-8"?>
<!-- Generated by org.testng.reporters.JUnitReportReporter -->
<testsuite hostname="IBRAHIMS-DELL" failures="0" tests="1" name="com.inetbanking.testCases.TC_LoginTest_001" time="1.680" errors="0" timestamp="2022-09-05T14:07:55 CDT" skipped="0">
  <testcase classname="com.inetbanking.testCases.TC_LoginTest_001" name="loginTest" time="1.680"/>
  <system-out/>
</testsuite> <!-- com.inetbanking.testCases.TC_LoginTest_001 -->
